<?xml version="1.0" encoding="UTF-8"?>
<testng-results ignored="0" total="2" passed="2" failed="0" skipped="0">
  <reporter-output>
  </reporter-output>
  <suite started-at="2025-01-24T07:59:42 BRT" name="Surefire suite" finished-at="2025-01-24T07:59:44 BRT" duration-ms="1457">
    <groups>
    </groups>
    <test started-at="2025-01-24T07:59:42 BRT" name="Surefire test" finished-at="2025-01-24T07:59:44 BRT" duration-ms="1457">
      <class name="ApiTests">
        <test-method is-config="true" signature="setup()[pri:0, instance:ApiTests@184cf7cf]" started-at="2025-01-24T07:59:42 BRT" name="setup" finished-at="2025-01-24T07:59:43 BRT" duration-ms="253" status="PASS">
          <reporter-output>
          </reporter-output>
        </test-method> <!-- setup -->
        <test-method signature="testGetPost()[pri:0, instance:ApiTests@184cf7cf]" started-at="2025-01-24T07:59:43 BRT" name="testGetPost" finished-at="2025-01-24T07:59:44 BRT" duration-ms="1101" status="PASS">
          <reporter-output>
          </reporter-output>
        </test-method> <!-- testGetPost -->
        <test-method signature="testGetUser()[pri:0, instance:ApiTests@184cf7cf]" started-at="2025-01-24T07:59:44 BRT" name="testGetUser" finished-at="2025-01-24T07:59:44 BRT" duration-ms="83" status="PASS">
          <reporter-output>
          </reporter-output>
        </test-method> <!-- testGetUser -->
      </class> <!-- ApiTests -->
    </test> <!-- Surefire test -->
  </suite> <!-- Surefire suite -->
</testng-results>
